Release 14.7 - ngc2edif P.20131013 (nt64)
Copyright (c) 1995-2013 Xilinx, Inc.  All rights reserved.
Reading design WaveGenModule1.ngc ...
WARNING:NetListWriters:298 - No output is written to WaveGenModule1.xncf,
   ignored.
Processing design ...
   Preping design's networks ...
   Preping design's macros ...
  finished :Prep
Writing EDIF netlist file WaveGenModule1.edif ...
ngc2edif: Total memory usage is 82768 kilobytes

Release 14.7 - ngc2edif P.20131013 (nt64)
Copyright (c) 1995-2013 Xilinx, Inc.  All rights reserved.
Reading design WaveGenModule1.ngc ...
WARNING:NetListWriters:298 - No output is written to WaveGenModule1.xncf,
   ignored.
Processing design ...
   Preping design's networks ...
   Preping design's macros ...
WARNING:NetListWriters:306 - Signal bus Maccum_counter_ref_lut<23 : 0> on block
   WaveGenModule1 is not reconstructed, because there are some missing bus
   signals.
  finished :Prep
Writing EDIF netlist file WaveGenModule1.edif ...
ngc2edif: Total memory usage is 4313652 kilobytes

