#-----------------------------------------------------------
# PlanAhead v14.7 (64-bit)
# Build 321239 by xbuild on Fri Sep 27 19:29:51 MDT 2013
# Start of session at: Thu Dec 16 21:53:11 2021
# Process ID: 7620
# Log file: C:/Users/orencollaco/Documents/Xilinx/WavGen/WavGen/planAhead_run_1/planAhead.log
# Journal file: C:/Users/orencollaco/Documents/Xilinx/WavGen/WavGen/planAhead_run_1/planAhead.jou
#-----------------------------------------------------------
INFO: [Common 17-78] Attempting to get a license: PlanAhead
INFO: [Common 17-290] Got license for PlanAhead
INFO: [Common 17-86] Your PlanAhead license expires in -1022 day(s)
INFO: [Device 21-36] Loading parts and site information from C:/Xilinx/14.7/ISE_DS/PlanAhead/data/parts/arch.xml
Parsing RTL primitives file [C:/Xilinx/14.7/ISE_DS/PlanAhead/data/parts/xilinx/rtl/prims/rtl_prims.xml]
Finished parsing RTL primitives file [C:/Xilinx/14.7/ISE_DS/PlanAhead/data/parts/xilinx/rtl/prims/rtl_prims.xml]
start_gui
source C:/Users/orencollaco/Documents/Xilinx/WavGen/WavGen/pa.fromNetlist.tcl
# create_project -name WavGen -dir "C:/Users/orencollaco/Documents/Xilinx/WavGen/WavGen/planAhead_run_3" -part xc6slx9tqg144-3
create_project: Time (s): elapsed = 00:00:08 . Memory (MB): peak = 404.867 ; gain = 68.457
INFO: [Common 17-41] Interrupt caught. Command should exit soon.
INFO: [Common 17-344] 'current_run' was cancelled
INFO: [Common 17-344] 'source' was cancelled
exit
ERROR: [PlanAhead 12-106] *** Exception: ui.h.b: Found deleted key in HTclEventBroker. Verify if the classes listed here call cleanup()
HTclEvent: SIGNAL_BUS_MODIFY   Classes: ui.views.aR 
HTclEvent: DEBUG_CORE_CONFIG_CHANGE   Classes: ui.views.aR 
HTclEvent: SIGNAL_MODIFY   Classes: ui.views.aR 
HTclEvent: DEBUG_PORT_CONFIG_CHANGE   Classes: ui.views.aR 
 (See C:/Users/orencollaco/Documents/Xilinx/WavGen/WavGen\planAhead_pid7620.debug)
ERROR: [Common 17-39] 'stop_gui' failed due to earlier errors.
INFO: [Common 17-206] Exiting PlanAhead at Thu Dec 16 21:54:12 2021...
INFO: [Common 17-83] Releasing license: PlanAhead
