#-----------------------------------------------------------
# PlanAhead v14.7 (64-bit)
# Build 321239 by xbuild on Fri Sep 27 19:29:51 MDT 2013
# Start of session at: Thu Dec 16 21:53:25 2021
# Process ID: 10252
# Log file: C:/Users/orencollaco/Documents/Xilinx/WavGen/WavGen/planAhead_run_3/planAhead.log
# Journal file: C:/Users/orencollaco/Documents/Xilinx/WavGen/WavGen/planAhead_run_3/planAhead.jou
#-----------------------------------------------------------
INFO: [Common 17-78] Attempting to get a license: PlanAhead
INFO: [Common 17-290] Got license for PlanAhead
INFO: [Common 17-86] Your PlanAhead license expires in -1022 day(s)
INFO: [Device 21-36] Loading parts and site information from C:/Xilinx/14.7/ISE_DS/PlanAhead/data/parts/arch.xml
Parsing RTL primitives file [C:/Xilinx/14.7/ISE_DS/PlanAhead/data/parts/xilinx/rtl/prims/rtl_prims.xml]
Finished parsing RTL primitives file [C:/Xilinx/14.7/ISE_DS/PlanAhead/data/parts/xilinx/rtl/prims/rtl_prims.xml]
start_gui
source C:/Users/orencollaco/Documents/Xilinx/WavGen/WavGen/pa.fromNetlist.tcl
# create_project -name WavGen -dir "C:/Users/orencollaco/Documents/Xilinx/WavGen/WavGen/planAhead_run_3" -part xc6slx9tqg144-3
ERROR: [Common 17-53] User Exception: Project already exists on disk, please use '-force' option to overwrite: 
     C:/Users/orencollaco/Documents/Xilinx/WavGen/WavGen/planAhead_run_3/WavGen.ppr
     C:/Users/orencollaco/Documents/Xilinx/WavGen/WavGen/planAhead_run_3/WavGen.data

    while executing
"create_project -name WavGen -dir "C:/Users/orencollaco/Documents/Xilinx/WavGen/WavGen/planAhead_run_3" -part xc6slx9tqg144-3"
    (file "C:/Users/orencollaco/Documents/Xilinx/WavGen/WavGen/pa.fromNetlist.tcl" line 4)
exit
INFO: [Common 17-206] Exiting PlanAhead at Thu Dec 16 21:55:25 2021...
INFO: [Common 17-83] Releasing license: PlanAhead
