Release 6.1i - xst G.23
Copyright (c) 1995-2003 Xilinx, Inc.  All rights reserved.
--> Parameter TMPDIR set to __projnav
CPU : 0.00 / 0.11 s | Elapsed : 0.00 / 1.00 s
 
--> Parameter xsthdpdir set to ./xst
CPU : 0.00 / 0.11 s | Elapsed : 0.00 / 1.00 s
 
--> Reading design: wavegenmodule1.prj

TABLE OF CONTENTS
  1) Synthesis Options Summary
  2) HDL Compilation
  3) HDL Analysis
  4) HDL Synthesis
     4.1) HDL Synthesis Report
  5) Advanced HDL Synthesis
  6) Low Level Synthesis
  7) Final Report
     7.1) Device utilization summary
     7.2) TIMING REPORT


=========================================================================
*                      Synthesis Options Summary                        *
=========================================================================
---- Source Parameters
Input File Name                    : wavegenmodule1.prj
Input Format                       : mixed
Ignore Synthesis Constraint File   : NO
Verilog Include Directory          : 

---- Target Parameters
Output File Name                   : wavegenmodule1
Output Format                      : NGC
Target Device                      : xc3s400-4-pq208

---- Source Options
Top Module Name                    : wavegenmodule1
Automatic FSM Extraction           : YES
FSM Encoding Algorithm             : Auto
FSM Style                          : lut
RAM Extraction                     : Yes
RAM Style                          : Auto
ROM Extraction                     : Yes
ROM Style                          : Auto
Mux Extraction                     : YES
Mux Style                          : Auto
Decoder Extraction                 : YES
Priority Encoder Extraction        : YES
Shift Register Extraction          : YES
Logical Shifter Extraction         : YES
XOR Collapsing                     : YES
Resource Sharing                   : YES
Multiplier Style                   : auto
Automatic Register Balancing       : No

---- Target Options
Add IO Buffers                     : YES
Global Maximum Fanout              : 500
Add Generic Clock Buffer(BUFG)     : 8
Register Duplication               : YES
Equivalent register Removal        : YES
Slice Packing                      : YES
Pack IO Registers into IOBs        : auto

---- General Options
Optimization Goal                  : Speed
Optimization Effort                : 1
Keep Hierarchy                     : NO
Global Optimization                : AllClockNets
RTL Output                         : Yes
Write Timing Constraints           : NO
Hierarchy Separator                : _
Bus Delimiter                      : <>
Case Specifier                     : maintain
Slice Utilization Ratio            : 100
Slice Utilization Ratio Delta      : 5

---- Other Options
lso                                : wavegenmodule1.lso
Read Cores                         : YES
cross_clock_analysis               : NO
verilog2001                        : YES
Optimize Instantiated Primitives   : NO

=========================================================================

WARNING:Xst:1885 - LSO file is empty, default list of libraries is used

=========================================================================
*                          HDL Compilation                              *
=========================================================================
Compiling vhdl file C:/Xilinx/WavGen/WaveGenModule1.vhd in Library work.
Entity <wavegenmodule1> (Architecture <behavioral>) compiled.

=========================================================================
*                            HDL Analysis                               *
=========================================================================
Analyzing Entity <wavegenmodule1> (Architecture <behavioral>).
INFO:Xst:1304 - Contents of register <output> in unit <wavegenmodule1> never changes during circuit operation. The register is replaced by logic.
Entity <wavegenmodule1> analyzed. Unit <wavegenmodule1> generated.


=========================================================================
*                           HDL Synthesis                               *
=========================================================================

Synthesizing Unit <wavegenmodule1>.
    Related source file is C:/Xilinx/WavGen/WaveGenModule1.vhd.
WARNING:Xst:647 - Input <ws_in> is never used.
WARNING:Xst:1306 - Output <prescalar> is never assigned.
WARNING:Xst:1306 - Output <counter> is never assigned.
WARNING:Xst:647 - Input <decf_in> is never used.
WARNING:Xst:647 - Input <incf_in> is never used.
WARNING:Xst:647 - Input <waveselect> is never used.
Unit <wavegenmodule1> synthesized.


=========================================================================
HDL Synthesis Report

Found no macro
=========================================================================

=========================================================================
*                       Advanced HDL Synthesis                          *
=========================================================================


=========================================================================
*                         Low Level Synthesis                           *
=========================================================================

Optimizing unit <wavegenmodule1> ...
Loading device for application Xst from file '3s400.nph' in environment D:/Xilinx.

Mapping all equations...
Building and optimizing final netlist ...
Found area constraint ratio of 100 (+ 5) on block wavegenmodule1, actual ratio is 0.

=========================================================================
*                            Final Report                               *
=========================================================================
Final Results
RTL Top Level Output File Name     : wavegenmodule1.ngr
Top Level Output File Name         : wavegenmodule1
Output Format                      : NGC
Optimization Goal                  : Speed
Keep Hierarchy                     : NO

Design Statistics
# IOs                              : 29

Cell Usage :
# BELS                             : 1
#      VCC                         : 1
# IO Buffers                       : 8
#      OBUF                        : 8
=========================================================================

Device utilization summary:
---------------------------

Selected Device : 3s400pq208-4 

 Number of bonded IOBs:                  8  out of    141     5%  


=========================================================================
TIMING REPORT

NOTE: THESE TIMING NUMBERS ARE ONLY A SYNTHESIS ESTIMATE.
      FOR ACCURATE TIMING INFORMATION PLEASE REFER TO THE TRACE REPORT
      GENERATED AFTER PLACE-and-ROUTE.

Clock Information:
------------------
No clock signals found in this design

Timing Summary:
---------------
Speed Grade: -4

   Minimum period: No path found
   Minimum input arrival time before clock: No path found
   Maximum output required time after clock: No path found
   Maximum combinational path delay: No path found

Timing Detail:
--------------
All values displayed in nanoseconds (ns)

=========================================================================
CPU : 1.45 / 1.66 s | Elapsed : 1.00 / 2.00 s
 
--> 

Total memory usage is 77116 kilobytes


